TN:
SF:/Users/Martin/Workspace/camp2_exercises/06_react_redux/01_es6_fundamentals/01_aquarium/01_aquarium.js
FN:18,(anonymous_0)
FN:24,(anonymous_1)
FN:28,(anonymous_2)
FN:32,(anonymous_3)
FN:55,(anonymous_4)
FN:63,(anonymous_5)
FNF:6
FNH:6
FNDA:5,(anonymous_0)
FNDA:1,(anonymous_1)
FNDA:1,(anonymous_2)
FNDA:3,(anonymous_3)
FNDA:7,(anonymous_4)
FNDA:4,(anonymous_5)
DA:19,5
DA:20,5
DA:21,5
DA:25,1
DA:29,1
DA:33,3
DA:34,3
DA:35,3
DA:37,3
DA:38,2
DA:40,1
DA:41,1
DA:44,2
DA:45,1
DA:46,1
DA:48,2
DA:56,7
DA:57,7
DA:58,7
DA:64,4
DA:68,1
DA:69,1
DA:70,1
DA:71,1
DA:81,1
LF:25
LH:25
BRDA:37,0,0,2
BRDA:37,0,1,1
BRDA:44,1,0,1
BRDA:44,1,1,1
BRF:4
BRH:4
end_of_record
